d:\work\manuelwork\rcp_sdk_v6.62.0\rcp_vs\rcpcontroller\debug\combobox.obj
d:\work\manuelwork\rcp_sdk_v6.62.0\rcp_vs\rcpcontroller\debug\slider.obj
d:\work\manuelwork\rcp_sdk_v6.62.0\rcp_vs\rcpcontroller\debug\listdata.obj
d:\work\manuelwork\rcp_sdk_v6.62.0\rcp_vs\rcpcontroller\debug\parametergroup.obj
d:\work\manuelwork\rcp_sdk_v6.62.0\rcp_vs\rcpcontroller\debug\clist.obj
d:\work\manuelwork\rcp_sdk_v6.62.0\rcp_vs\rcpcontroller\debug\main.obj
d:\work\manuelwork\rcp_sdk_v6.62.0\rcp_vs\rcpcontroller\debug\combodelegate.obj
d:\work\manuelwork\rcp_sdk_v6.62.0\rcp_vs\rcpcontroller\debug\qtutil.obj
d:\work\manuelwork\rcp_sdk_v6.62.0\rcp_vs\rcpcontroller\debug\controller.obj
d:\work\manuelwork\rcp_sdk_v6.62.0\rcp_vs\rcpcontroller\debug\listwidget.obj
d:\work\manuelwork\rcp_sdk_v6.62.0\rcp_vs\rcpcontroller\debug\slideredit.obj
d:\work\manuelwork\rcp_sdk_v6.62.0\rcp_vs\rcpcontroller\debug\dllinterface.obj
d:\work\manuelwork\rcp_sdk_v6.62.0\rcp_vs\rcpcontroller\debug\logger.obj
d:\work\manuelwork\rcp_sdk_v6.62.0\rcp_vs\rcpcontroller\debug\mainwindow.obj
d:\work\manuelwork\rcp_sdk_v6.62.0\rcp_vs\rcpcontroller\debug\connection.obj
d:\work\manuelwork\rcp_sdk_v6.62.0\rcp_vs\rcpcontroller\debug\vc141.pdb
d:\work\manuelwork\rcp_sdk_v6.62.0\rcp_vs\rcpcontroller\debug\rcp_api.obj
d:\work\manuelwork\rcp_sdk_v6.62.0\rcp_vs\rcpcontroller\debug\c_list.obj
d:\work\manuelwork\rcp_sdk_v6.62.0\rcp_vs\rcpcontroller\debug\strtok_r.obj
d:\work\manuelwork\rcp_sdk_v6.62.0\rcp_vs\rcpcontroller\debug\qrc_resources.obj
d:\work\manuelwork\rcp_sdk_v6.62.0\rcp_vs\rcpcontroller\debug\moc_connection.obj
d:\work\manuelwork\rcp_sdk_v6.62.0\rcp_vs\rcpcontroller\debug\moc_mainwindow.obj
d:\work\manuelwork\rcp_sdk_v6.62.0\rcp_vs\rcpcontroller\debug\moc_listwidget.obj
d:\work\manuelwork\rcp_sdk_v6.62.0\rcp_vs\rcpcontroller\debug\moc_listdata.obj
d:\work\manuelwork\rcp_sdk_v6.62.0\rcp_vs\rcpcontroller\debug\moc_slideredit.obj
d:\work\manuelwork\rcp_sdk_v6.62.0\rcp_vs\rcpcontroller\debug\moc_parametergroup.obj
d:\work\manuelwork\rcp_sdk_v6.62.0\rcp_vs\rcpcontroller\debug\moc_slider.obj
d:\work\manuelwork\rcp_sdk_v6.62.0\rcp_vs\rcpcontroller\debug\moc_controller.obj
d:\work\manuelwork\rcp_sdk_v6.62.0\rcp_vs\rcpcontroller\debug\moc_combobox.obj
d:\work\manuelwork\rcp_sdk_v6.62.0\rcp_vs\rcpcontroller\debug\moc_predefs.h
d:\work\manuelwork\rcp_sdk_v6.62.0\rcp_vs\rcpcontroller\debug\rcpcontroller.exe
d:\work\manuelwork\rcp_sdk_v6.62.0\rcp_vs\rcpcontroller\debug\rcpcontroller.ilk
d:\work\manuelwork\rcp_sdk_v6.62.0\rcp_vs\rcpcontroller\debug\rcpcontroller.pdb
d:\work\manuelwork\rcp_sdk_v6.62.0\rcp_vs\rcpcontroller\debug\moc_combobox.cpp
d:\work\manuelwork\rcp_sdk_v6.62.0\rcp_vs\rcpcontroller\debug\moc_connection.cpp
d:\work\manuelwork\rcp_sdk_v6.62.0\rcp_vs\rcpcontroller\debug\moc_controller.cpp
d:\work\manuelwork\rcp_sdk_v6.62.0\rcp_vs\rcpcontroller\debug\moc_listdata.cpp
d:\work\manuelwork\rcp_sdk_v6.62.0\rcp_vs\rcpcontroller\debug\moc_listwidget.cpp
d:\work\manuelwork\rcp_sdk_v6.62.0\rcp_vs\rcpcontroller\debug\moc_mainwindow.cpp
d:\work\manuelwork\rcp_sdk_v6.62.0\rcp_vs\rcpcontroller\debug\moc_parametergroup.cpp
d:\work\manuelwork\rcp_sdk_v6.62.0\rcp_vs\rcpcontroller\debug\moc_slider.cpp
d:\work\manuelwork\rcp_sdk_v6.62.0\rcp_vs\rcpcontroller\debug\moc_slideredit.cpp
d:\work\manuelwork\rcp_sdk_v6.62.0\rcp_vs\rcpcontroller\debug\resources.res
d:\work\manuelwork\rcp_sdk_v6.62.0\rcp_vs\rcpcontroller\debug\qrc_resources.cpp
d:\work\manuelwork\rcp_sdk_v6.62.0\rcp_vs\rcpcontroller\debug\rcpcontroller.lib
d:\work\manuelwork\rcp_sdk_v6.62.0\rcp_vs\rcpcontroller\debug\rcpcontroller.exp
d:\work\manuelwork\rcp_sdk_v6.62.0\rcp_vs\rcp_wpf\bin\debug\rcpcontroller.lib
d:\work\manuelwork\rcp_sdk_v6.62.0\rcp_vs\rcp_wpf\bin\debug\rcpcontroller.exp
d:\work\manuelwork\monkeymotioncontrol_rcp_sdk\rcp_vs2017\rcpcontroller\debug\clist.obj
d:\work\manuelwork\monkeymotioncontrol_rcp_sdk\rcp_vs2017\rcpcontroller\debug\combobox.obj
d:\work\manuelwork\monkeymotioncontrol_rcp_sdk\rcp_vs2017\rcpcontroller\debug\combodelegate.obj
d:\work\manuelwork\monkeymotioncontrol_rcp_sdk\rcp_vs2017\rcpcontroller\debug\connection.obj
d:\work\manuelwork\monkeymotioncontrol_rcp_sdk\rcp_vs2017\rcpcontroller\debug\controller.obj
d:\work\manuelwork\monkeymotioncontrol_rcp_sdk\rcp_vs2017\rcpcontroller\debug\c_list.obj
d:\work\manuelwork\monkeymotioncontrol_rcp_sdk\rcp_vs2017\rcpcontroller\debug\dllinterface.obj
d:\work\manuelwork\monkeymotioncontrol_rcp_sdk\rcp_vs2017\rcpcontroller\debug\listdata.obj
d:\work\manuelwork\monkeymotioncontrol_rcp_sdk\rcp_vs2017\rcpcontroller\debug\listwidget.obj
d:\work\manuelwork\monkeymotioncontrol_rcp_sdk\rcp_vs2017\rcpcontroller\debug\logger.obj
d:\work\manuelwork\monkeymotioncontrol_rcp_sdk\rcp_vs2017\rcpcontroller\debug\main.obj
d:\work\manuelwork\monkeymotioncontrol_rcp_sdk\rcp_vs2017\rcpcontroller\debug\mainwindow.obj
d:\work\manuelwork\monkeymotioncontrol_rcp_sdk\rcp_vs2017\rcpcontroller\debug\moc_combobox.obj
d:\work\manuelwork\monkeymotioncontrol_rcp_sdk\rcp_vs2017\rcpcontroller\debug\moc_connection.obj
d:\work\manuelwork\monkeymotioncontrol_rcp_sdk\rcp_vs2017\rcpcontroller\debug\moc_controller.obj
d:\work\manuelwork\monkeymotioncontrol_rcp_sdk\rcp_vs2017\rcpcontroller\debug\moc_listdata.obj
d:\work\manuelwork\monkeymotioncontrol_rcp_sdk\rcp_vs2017\rcpcontroller\debug\moc_listwidget.obj
d:\work\manuelwork\monkeymotioncontrol_rcp_sdk\rcp_vs2017\rcpcontroller\debug\moc_mainwindow.obj
d:\work\manuelwork\monkeymotioncontrol_rcp_sdk\rcp_vs2017\rcpcontroller\debug\moc_parametergroup.obj
d:\work\manuelwork\monkeymotioncontrol_rcp_sdk\rcp_vs2017\rcpcontroller\debug\moc_slider.obj
d:\work\manuelwork\monkeymotioncontrol_rcp_sdk\rcp_vs2017\rcpcontroller\debug\moc_slideredit.obj
d:\work\manuelwork\monkeymotioncontrol_rcp_sdk\rcp_vs2017\rcpcontroller\debug\parametergroup.obj
d:\work\manuelwork\monkeymotioncontrol_rcp_sdk\rcp_vs2017\rcpcontroller\debug\qrc_resources.obj
d:\work\manuelwork\monkeymotioncontrol_rcp_sdk\rcp_vs2017\rcpcontroller\debug\qtutil.obj
d:\work\manuelwork\monkeymotioncontrol_rcp_sdk\rcp_vs2017\rcpcontroller\debug\rcp_api.obj
d:\work\manuelwork\monkeymotioncontrol_rcp_sdk\rcp_vs2017\rcpcontroller\debug\slider.obj
d:\work\manuelwork\monkeymotioncontrol_rcp_sdk\rcp_vs2017\rcpcontroller\debug\slideredit.obj
d:\work\manuelwork\monkeymotioncontrol_rcp_sdk\rcp_vs2017\rcpcontroller\debug\strtok_r.obj
d:\work\manuelwork\monkeymotioncontrol_rcp_sdk\rcp_vs2017\rcpcontroller\debug\rcpcontroller.ilk
d:\work\manuelwork\monkeymotioncontrol_rcp_sdk\rcp_vs2017\rcpcontroller\debug\resources.res
d:\work\manuelwork\monkeymotioncontrol_rcp_sdk\rcp_vs2017\rcpcontroller\debug\rcpcontroller.exp
d:\work\manuelwork\monkeymotioncontrol_rcp_sdk\rcp_vs2017\rcpcontroller\debug\rcpcontroller.pdb
d:\work\manuelwork\monkeymotioncontrol_rcp_sdk\rcp_vs2017\rcpcontroller\debug\vc141.pdb
d:\work\manuelwork\monkeymotioncontrol_rcp_sdk\rcp_vs2017\rcpcontroller\debug\rcpcontroller.exe
d:\work\manuelwork\monkeymotioncontrol_rcp_sdk\rcp_vs2017\rcpcontroller\debug\rcpcontroller.tlog\cl.command.1.tlog
d:\work\manuelwork\monkeymotioncontrol_rcp_sdk\rcp_vs2017\rcpcontroller\debug\rcpcontroller.tlog\cl.read.1.tlog
d:\work\manuelwork\monkeymotioncontrol_rcp_sdk\rcp_vs2017\rcpcontroller\debug\rcpcontroller.tlog\cl.write.1.tlog
d:\work\manuelwork\monkeymotioncontrol_rcp_sdk\rcp_vs2017\rcpcontroller\debug\rcpcontroller.tlog\custombuild.command.1.tlog
d:\work\manuelwork\monkeymotioncontrol_rcp_sdk\rcp_vs2017\rcpcontroller\debug\rcpcontroller.tlog\custombuild.read.1.tlog
d:\work\manuelwork\monkeymotioncontrol_rcp_sdk\rcp_vs2017\rcpcontroller\debug\rcpcontroller.tlog\custombuild.write.1.tlog
d:\work\manuelwork\monkeymotioncontrol_rcp_sdk\rcp_vs2017\rcpcontroller\debug\rcpcontroller.tlog\link.9564.delete.1.tlog
d:\work\manuelwork\monkeymotioncontrol_rcp_sdk\rcp_vs2017\rcpcontroller\debug\rcpcontroller.tlog\link.command.1.tlog
d:\work\manuelwork\monkeymotioncontrol_rcp_sdk\rcp_vs2017\rcpcontroller\debug\rcpcontroller.tlog\link.delete.1.tlog
d:\work\manuelwork\monkeymotioncontrol_rcp_sdk\rcp_vs2017\rcpcontroller\debug\rcpcontroller.tlog\link.read.1.tlog
d:\work\manuelwork\monkeymotioncontrol_rcp_sdk\rcp_vs2017\rcpcontroller\debug\rcpcontroller.tlog\link.write.1.tlog
d:\work\manuelwork\monkeymotioncontrol_rcp_sdk\rcp_vs2017\rcpcontroller\debug\rcpcontroller.tlog\moc.read.1u.tlog
d:\work\manuelwork\monkeymotioncontrol_rcp_sdk\rcp_vs2017\rcpcontroller\debug\rcpcontroller.tlog\moc.write.1u.tlog
d:\work\manuelwork\monkeymotioncontrol_rcp_sdk\rcp_vs2017\rcpcontroller\debug\rcpcontroller.tlog\rc.command.1.tlog
d:\work\manuelwork\monkeymotioncontrol_rcp_sdk\rcp_vs2017\rcpcontroller\debug\rcpcontroller.tlog\rc.read.1.tlog
d:\work\manuelwork\monkeymotioncontrol_rcp_sdk\rcp_vs2017\rcpcontroller\debug\rcpcontroller.tlog\rc.write.1.tlog
d:\work\manuelwork\monkeymotioncontrol_rcp_sdk\rcp_vs2017\rcpcontroller\debug\rcpcontroller.tlog\rcc.read.1u.tlog
d:\work\manuelwork\monkeymotioncontrol_rcp_sdk\rcp_vs2017\rcpcontroller\debug\rcpcontroller.tlog\rcc.write.1u.tlog
d:\work\manuelwork\monkeymotioncontrol_rcp_sdk\rcp_vs2017\rcpcontroller\debug\rcpcontroller.tlog\rcpcontroller.write.1u.tlog
